2026-03-04 10:39:08 | INFO     | Đang xử lý: 1034
2026-03-04 10:39:08 | INFO     | Employee count: 4
2026-03-04 10:39:08 | INFO     | messane_text controller: Không thể xóa! Đang có 4 nhân viên thuộc bộ phận này.
2026-03-04 10:40:51 | INFO     | Đang xử lý: 1034
2026-03-04 10:40:51 | INFO     | Employee count: 4
2026-03-04 10:40:51 | INFO     | messane_text controller: Không thể xóa! Đang có 4 nhân viên thuộc bộ phận này.
2026-03-04 10:41:05 | INFO     | Đang xử lý: 1034
2026-03-04 10:41:05 | INFO     | Employee count: 4
2026-03-04 10:41:05 | INFO     | messane_text controller: Không thể xóa! Đang có 4 nhân viên thuộc bộ phận này.
2026-03-04 10:48:54 | INFO     | Đang xử lý: 1034
2026-03-04 10:48:54 | INFO     | Employee count: 4
2026-03-04 10:48:54 | INFO     | messane_text controller: Không thể xóa! Đang có 4 nhân viên thuộc bộ phận này.
2026-03-04 10:50:58 | INFO     | Đang xử lý: 1034
2026-03-04 10:50:58 | INFO     | Employee count: 4
2026-03-04 10:50:58 | INFO     | messane_text controller: Không thể xóa! Đang có 4 nhân viên thuộc bộ phận này.
2026-03-04 10:51:06 | INFO     | Đang xử lý: 1034
2026-03-04 10:51:06 | INFO     | Employee count: 4
2026-03-04 10:51:06 | INFO     | messane_text controller: Không thể xóa! Đang có 4 nhân viên thuộc bộ phận này.
2026-03-04 10:51:12 | INFO     | Đang xử lý: 1034
2026-03-04 10:51:12 | INFO     | Employee count: 4
2026-03-04 10:51:12 | INFO     | messane_text controller: Không thể xóa! Đang có 4 nhân viên thuộc bộ phận này.
2026-03-04 11:02:49 | INFO     | Đang xử lý: 1034
2026-03-04 11:02:49 | INFO     | Employee count: 4
2026-03-04 11:02:49 | INFO     | messane_text controller: Không thể xóa! Đang có 4 nhân viên thuộc bộ phận này.
2026-03-04 11:07:57 | INFO     | Đang xử lý: 1034
2026-03-04 11:07:57 | INFO     | Employee count: 4
2026-03-04 11:07:57 | INFO     | messane_text controller: Không thể xóa! Đang có 4 nhân viên thuộc bộ phận này.
2026-03-04 11:09:43 | INFO     | Đang xử lý: 1034
2026-03-04 11:09:43 | INFO     | Employee count: 4
2026-03-04 11:09:43 | INFO     | messane_text controller: Không thể xóa! Đang có 4 nhân viên thuộc bộ phận này.
2026-03-04 11:25:59 | INFO     | Đang xử lý: 1039
2026-03-04 11:25:59 | INFO     | Employee count: 0
2026-03-04 11:25:59 | INFO     | messane_text controller: Xóa bộ phận thành công.
2026-03-04 11:26:11 | INFO     | Đang xử lý: 1039
2026-03-04 11:26:11 | INFO     | Employee count: 0
2026-03-04 11:26:11 | INFO     | messane_text controller: Xóa bộ phận thành công.
2026-03-04 11:43:54 | INFO     | Đang xử lý: 1041
2026-03-04 11:43:54 | INFO     | Employee count: 0
2026-03-04 11:43:54 | INFO     | messane_text controller: Xóa bộ phận thành công.
2026-03-04 11:52:57 | INFO     | Đang xử lý: 1040
2026-03-04 11:52:57 | INFO     | Employee count: 0
2026-03-04 11:52:57 | INFO     | messane_text controller: Xóa bộ phận thành công.
2026-03-04 11:55:56 | INFO     | messane_text save dept controller: Lưu thành công
2026-03-04 12:04:07 | INFO     | Đang xử lý: 1043
2026-03-04 12:04:07 | INFO     | Employee count: 0
2026-03-04 12:04:07 | INFO     | messane_text controller: Xóa bộ phận thành công.
2026-03-04 12:04:23 | INFO     | messane_text save dept controller: Lưu thành công
2026-03-04 12:17:17 | INFO     | messane_text save dept controller: Lưu thành công
2026-03-04 13:07:30 | INFO     | DEBUG: File đang chạy nằm tại: C:\SMILE PMS\HR_PROJECT_FASTAPI\controllers\department_ctl.py
2026-03-04 13:07:30 | INFO     | messane_text save dept controller: Lưu thành công
2026-03-04 13:12:19 | INFO     | DEBUG: File đang chạy nằm tại: C:\SMILE PMS\HR_PROJECT_FASTAPI\controllers\department_ctl.py
2026-03-04 13:12:19 | INFO     | messane_text save dept controller: noi dung moi
2026-03-04 13:14:05 | INFO     | DEBUG: File đang chạy nằm tại: C:\SMILE PMS\HR_PROJECT_FASTAPI\controllers\department_ctl.py
2026-03-04 13:14:05 | INFO     | messane_text save dept controller: noi dung moi
2026-03-04 13:17:02 | INFO     | DEBUG: File đang chạy nằm tại: C:\SMILE PMS\HR_PROJECT_FASTAPI\controllers\department_ctl.py
2026-03-04 13:17:02 | INFO     | DEBUG: Service trả về -> success=True, msg=noi dung moi
2026-03-04 13:17:02 | INFO     | messane_text save dept controller: noi dung moi
2026-03-04 13:20:52 | INFO     | DEBUG: File đang chạy nằm tại: C:\SMILE PMS\HR_PROJECT_FASTAPI\controllers\department_ctl.py
2026-03-04 13:20:52 | INFO     | DEBUG: Service trả về -> success=True, msg=noi dung moi
2026-03-04 13:20:52 | INFO     | messane_text save dept controller: noi dung moi
2026-03-04 13:22:24 | INFO     | DEBUG: File đang chạy nằm tại: C:\SMILE PMS\HR_PROJECT_FASTAPI\controllers\department_ctl.py
2026-03-04 13:22:24 | INFO     | DEBUG: Service trả về -> success=True, msg=noi dung moi
2026-03-04 13:22:24 | INFO     | messane_text save dept controller: noi dung moi
2026-03-04 13:37:03 | INFO     | DEBUG: File đang chạy nằm tại: C:\SMILE PMS\HR_PROJECT_FASTAPI\controllers\department_ctl.py
2026-03-04 13:37:03 | INFO     | DEBUG: Service trả về -> success=True, msg=Lưu thành công
2026-03-04 13:37:03 | INFO     | messane_text save dept controller: Lưu thành công
2026-03-04 13:37:15 | INFO     | Đang xử lý: 1052
2026-03-04 13:37:15 | INFO     | Employee count: 0
2026-03-04 13:37:15 | INFO     | messane_text controller: Xóa bộ phận thành công.
2026-03-04 13:37:22 | INFO     | Đang xử lý: 1036
2026-03-04 13:37:22 | INFO     | Employee count: 1
2026-03-04 13:37:22 | INFO     | messane_text controller: Không thể xóa! Đang có 1 nhân viên thuộc bộ phận này.
2026-03-04 13:37:32 | INFO     | Đang xử lý: 1051
2026-03-04 13:37:32 | INFO     | Employee count: 0
2026-03-04 13:37:32 | INFO     | messane_text controller: Xóa bộ phận thành công.
2026-03-04 13:40:24 | INFO     | Đang xử lý: 1050
2026-03-04 13:40:24 | INFO     | Employee count: 0
2026-03-04 13:40:24 | INFO     | messane_text controller: Xóa bộ phận thành công.
2026-03-04 13:40:33 | INFO     | Đang xử lý: 1049
2026-03-04 13:40:33 | INFO     | Employee count: 0
2026-03-04 13:40:33 | INFO     | messane_text controller: Xóa bộ phận thành công.
2026-03-04 13:40:44 | INFO     | DEBUG: File đang chạy nằm tại: C:\SMILE PMS\HR_PROJECT_FASTAPI\controllers\department_ctl.py
2026-03-04 13:40:44 | INFO     | DEBUG: Service trả về -> success=True, msg=Lưu thành công
2026-03-04 13:40:44 | INFO     | messane_text save dept controller: Lưu thành công
2026-03-04 13:41:20 | INFO     | DEBUG: File đang chạy nằm tại: C:\SMILE PMS\HR_PROJECT_FASTAPI\controllers\department_ctl.py
2026-03-04 13:41:20 | INFO     | DEBUG: Service trả về -> success=True, msg=Lưu thành công
2026-03-04 13:41:20 | INFO     | messane_text save dept controller: Lưu thành công
2026-03-04 13:41:32 | INFO     | Đang xử lý: 1054
2026-03-04 13:41:32 | INFO     | Employee count: 0
2026-03-04 13:41:32 | INFO     | messane_text controller: Xóa bộ phận thành công.
2026-03-04 13:41:39 | INFO     | Đang xử lý: 1053
2026-03-04 13:41:39 | INFO     | Employee count: 0
2026-03-04 13:41:39 | INFO     | messane_text controller: Xóa bộ phận thành công.
2026-03-04 13:41:44 | INFO     | Đang xử lý: 1048
2026-03-04 13:41:44 | INFO     | Employee count: 0
2026-03-04 13:41:44 | INFO     | messane_text controller: Xóa bộ phận thành công.
2026-03-04 13:41:56 | INFO     | Đang xử lý: 1047
2026-03-04 13:41:56 | INFO     | Employee count: 0
2026-03-04 13:41:56 | INFO     | messane_text controller: Xóa bộ phận thành công.
2026-03-04 13:42:06 | INFO     | Đang xử lý: 1046
2026-03-04 13:42:06 | INFO     | Employee count: 0
2026-03-04 13:42:06 | INFO     | messane_text controller: Xóa bộ phận thành công.
2026-03-04 13:42:19 | INFO     | Đang xử lý: 1045
2026-03-04 13:42:19 | INFO     | Employee count: 0
2026-03-04 13:42:19 | INFO     | messane_text controller: Xóa bộ phận thành công.
2026-03-04 13:42:25 | INFO     | DEBUG: File đang chạy nằm tại: C:\SMILE PMS\HR_PROJECT_FASTAPI\controllers\department_ctl.py
2026-03-04 13:42:25 | INFO     | DEBUG: Service trả về -> success=True, msg=Lưu thành công
2026-03-04 13:42:25 | INFO     | messane_text save dept controller: Lưu thành công
